# JRE version: Java(TM) SE Runtime Environment (8.0_201-b09) (build 1.8.0_201-b09)
# Java VM: Java HotSpot(TM) 64-Bit Server VM (25.201-b09 mixed mode bsd-amd64 compressed oops)
Heap:
 PSYoungGen      total 76288K, used 53934K [0x000000076ab00000, 0x0000000770c00000, 0x00000007c0000000)
  eden space 65536K, 82% used [0x000000076ab00000,0x000000076dfab8e0,0x000000076eb00000)
  from space 10752K, 0% used [0x000000076f580000,0x000000076f580000,0x0000000770000000)
  to   space 10752K, 0% used [0x000000076eb00000,0x000000076eb00000,0x000000076f580000)
 ParOldGen       total 246784K, used 30263K [0x00000006c0000000, 0x00000006cf100000, 0x000000076ab00000)
  object space 246784K, 12% used [0x00000006c0000000,0x00000006c1d8dd70,0x00000006cf100000)
 Metaspace       used 26743K, capacity 27158K, committed 27392K, reserved 1073152K
  class space    used 3100K, capacity 3231K, committed 3328K, reserved 1048576K
GC Heap History (8 events):
Event: 1.982 GC heap before
{Heap before GC invocations=1 (full 0):
 PSYoungGen      total 76288K, used 29119K [0x000000076ab00000, 0x0000000770000000, 0x00000007c0000000)
  eden space 65536K, 44% used [0x000000076ab00000,0x000000076c76ff50,0x000000076eb00000)
  from space 10752K, 0% used [0x000000076f580000,0x000000076f580000,0x0000000770000000)
  to   space 10752K, 0% used [0x000000076eb00000,0x000000076eb00000,0x000000076f580000)
 ParOldGen       total 175104K, used 0K [0x00000006c0000000, 0x00000006cab00000, 0x000000076ab00000)
  object space 175104K, 0% used [0x00000006c0000000,0x00000006c0000000,0x00000006cab00000)
 Metaspace       used 20789K, capacity 21050K, committed 21248K, reserved 1069056K
  class space    used 2448K, capacity 2541K, committed 2560K, reserved 1048576K
Event: 1.987 GC heap after
Heap after GC invocations=1 (full 0):
 PSYoungGen      total 76288K, used 5892K [0x000000076ab00000, 0x0000000770000000, 0x00000007c0000000)
  eden space 65536K, 0% used [0x000000076ab00000,0x000000076ab00000,0x000000076eb00000)
  from space 10752K, 54% used [0x000000076eb00000,0x000000076f0c1080,0x000000076f580000)
  to   space 10752K, 0% used [0x000000076f580000,0x000000076f580000,0x0000000770000000)
 ParOldGen       total 175104K, used 88K [0x00000006c0000000, 0x00000006cab00000, 0x000000076ab00000)
  object space 175104K, 0% used [0x00000006c0000000,0x00000006c0016010,0x00000006cab00000)
 Metaspace       used 20789K, capacity 21050K, committed 21248K, reserved 1069056K
  class space    used 2448K, capacity 2541K, committed 2560K, reserved 1048576K
}
Event: 1.987 GC heap before
{Heap before GC invocations=2 (full 1):
 PSYoungGen      total 76288K, used 5892K [0x000000076ab00000, 0x0000000770000000, 0x00000007c0000000)
  eden space 65536K, 0% used [0x000000076ab00000,0x000000076ab00000,0x000000076eb00000)
  from space 10752K, 54% used [0x000000076eb00000,0x000000076f0c1080,0x000000076f580000)
  to   space 10752K, 0% used [0x000000076f580000,0x000000076f580000,0x0000000770000000)
 ParOldGen       total 175104K, used 88K [0x00000006c0000000, 0x00000006cab00000, 0x000000076ab00000)
  object space 175104K, 0% used [0x00000006c0000000,0x00000006c0016010,0x00000006cab00000)
 Metaspace       used 20789K, capacity 21050K, committed 21248K, reserved 1069056K
  class space    used 2448K, capacity 2541K, committed 2560K, reserved 1048576K
Event: 2.004 GC heap after
Heap after GC invocations=2 (full 1):
 PSYoungGen      total 76288K, used 0K [0x000000076ab00000, 0x0000000770000000, 0x00000007c0000000)
  eden space 65536K, 0% used [0x000000076ab00000,0x000000076ab00000,0x000000076eb00000)
  from space 10752K, 0% used [0x000000076eb00000,0x000000076eb00000,0x000000076f580000)
  to   space 10752K, 0% used [0x000000076f580000,0x000000076f580000,0x0000000770000000)
 ParOldGen       total 123392K, used 5717K [0x00000006c0000000, 0x00000006c7880000, 0x000000076ab00000)
  object space 123392K, 4% used [0x00000006c0000000,0x00000006c05955f0,0x00000006c7880000)
 Metaspace       used 20789K, capacity 21050K, committed 21248K, reserved 1069056K
  class space    used 2448K, capacity 2541K, committed 2560K, reserved 1048576K
}
Event: 22.569 GC heap before
{Heap before GC invocations=3 (full 1):
 PSYoungGen      total 76288K, used 65536K [0x000000076ab00000, 0x0000000770000000, 0x00000007c0000000)
  eden space 65536K, 100% used [0x000000076ab00000,0x000000076eb00000,0x000000076eb00000)
  from space 10752K, 0% used [0x000000076eb00000,0x000000076eb00000,0x000000076f580000)
  to   space 10752K, 0% used [0x000000076f580000,0x000000076f580000,0x0000000770000000)
 ParOldGen       total 123392K, used 5717K [0x00000006c0000000, 0x00000006c7880000, 0x000000076ab00000)
  object space 123392K, 4% used [0x00000006c0000000,0x00000006c05955f0,0x00000006c7880000)
 Metaspace       used 26318K, capacity 26774K, committed 27136K, reserved 1073152K
  class space    used 3082K, capacity 3221K, committed 3328K, reserved 1048576K
Event: 22.599 GC heap after
Heap after GC invocations=3 (full 1):
 PSYoungGen      total 76288K, used 5620K [0x000000076ab00000, 0x0000000770c00000, 0x00000007c0000000)
  eden space 65536K, 0% used [0x000000076ab00000,0x000000076ab00000,0x000000076eb00000)
  from space 10752K, 52% used [0x000000076f580000,0x000000076fafd3f8,0x0000000770000000)
  to   space 10752K, 0% used [0x000000076eb00000,0x000000076eb00000,0x000000076f580000)
 ParOldGen       total 123392K, used 84960K [0x00000006c0000000, 0x00000006c7880000, 0x000000076ab00000)
  object space 123392K, 68% used [0x00000006c0000000,0x00000006c52f82b0,0x00000006c7880000)
 Metaspace       used 26318K, capacity 26774K, committed 27136K, reserved 1073152K
  class space    used 3082K, capacity 3221K, committed 3328K, reserved 1048576K
}
Event: 22.599 GC heap before
{Heap before GC invocations=4 (full 2):
 PSYoungGen      total 76288K, used 5620K [0x000000076ab00000, 0x0000000770c00000, 0x00000007c0000000)
  eden space 65536K, 0% used [0x000000076ab00000,0x000000076ab00000,0x000000076eb00000)
  from space 10752K, 52% used [0x000000076f580000,0x000000076fafd3f8,0x0000000770000000)
  to   space 10752K, 0% used [0x000000076eb00000,0x000000076eb00000,0x000000076f580000)
 ParOldGen       total 123392K, used 84960K [0x00000006c0000000, 0x00000006c7880000, 0x000000076ab00000)
  object space 123392K, 68% used [0x00000006c0000000,0x00000006c52f82b0,0x00000006c7880000)
 Metaspace       used 26318K, capacity 26774K, committed 27136K, reserved 1073152K
  class space    used 3082K, capacity 3221K, committed 3328K, reserved 1048576K
Event: 22.620 GC heap after
Heap after GC invocations=4 (full 2):
 PSYoungGen      total 76288K, used 0K [0x000000076ab00000, 0x0000000770c00000, 0x00000007c0000000)
  eden space 65536K, 0% used [0x000000076ab00000,0x000000076ab00000,0x000000076eb00000)
  from space 10752K, 0% used [0x000000076f580000,0x000000076f580000,0x0000000770000000)
  to   space 10752K, 0% used [0x000000076eb00000,0x000000076eb00000,0x000000076f580000)
 ParOldGen       total 246784K, used 30263K [0x00000006c0000000, 0x00000006cf100000, 0x000000076ab00000)
  object space 246784K, 12% used [0x00000006c0000000,0x00000006c1d8dd70,0x00000006cf100000)
 Metaspace       used 26318K, capacity 26774K, committed 27136K, reserved 1073152K
  class space    used 3082K, capacity 3221K, committed 3328K, reserved 1048576K
}

