# JRE version: Java(TM) SE Runtime Environment (8.0_201-b09) (build 1.8.0_201-b09)
# Java VM: Java HotSpot(TM) 64-Bit Server VM (25.201-b09 mixed mode bsd-amd64 compressed oops)
Heap:
 PSYoungGen      total 112640K, used 78712K [0x000000076ab00000, 0x0000000772b80000, 0x00000007c0000000)
  eden space 101888K, 70% used [0x000000076ab00000,0x000000076f109ee8,0x0000000770e80000)
  from space 10752K, 65% used [0x0000000771900000,0x0000000771fd4408,0x0000000772380000)
  to   space 10752K, 0% used [0x0000000770e80000,0x0000000770e80000,0x0000000771900000)
 ParOldGen       total 248832K, used 52468K [0x00000006c0000000, 0x00000006cf300000, 0x000000076ab00000)
  object space 248832K, 21% used [0x00000006c0000000,0x00000006c333d088,0x00000006cf300000)
 Metaspace       used 26887K, capacity 27346K, committed 27648K, reserved 1073152K
  class space    used 3111K, capacity 3241K, committed 3328K, reserved 1048576K
GC Heap History (10 events):
Event: 2.307 GC heap before
{Heap before GC invocations=2 (full 1):
 PSYoungGen      total 76288K, used 5838K [0x000000076ab00000, 0x0000000770000000, 0x00000007c0000000)
  eden space 65536K, 0% used [0x000000076ab00000,0x000000076ab00000,0x000000076eb00000)
  from space 10752K, 54% used [0x000000076eb00000,0x000000076f0b3b28,0x000000076f580000)
  to   space 10752K, 0% used [0x000000076f580000,0x000000076f580000,0x0000000770000000)
 ParOldGen       total 175104K, used 88K [0x00000006c0000000, 0x00000006cab00000, 0x000000076ab00000)
  object space 175104K, 0% used [0x00000006c0000000,0x00000006c0016010,0x00000006cab00000)
 Metaspace       used 20775K, capacity 21050K, committed 21248K, reserved 1069056K
  class space    used 2449K, capacity 2541K, committed 2560K, reserved 1048576K
Event: 2.325 GC heap after
Heap after GC invocations=2 (full 1):
 PSYoungGen      total 76288K, used 0K [0x000000076ab00000, 0x0000000770000000, 0x00000007c0000000)
  eden space 65536K, 0% used [0x000000076ab00000,0x000000076ab00000,0x000000076eb00000)
  from space 10752K, 0% used [0x000000076eb00000,0x000000076eb00000,0x000000076f580000)
  to   space 10752K, 0% used [0x000000076f580000,0x000000076f580000,0x0000000770000000)
 ParOldGen       total 122368K, used 5703K [0x00000006c0000000, 0x00000006c7780000, 0x000000076ab00000)
  object space 122368K, 4% used [0x00000006c0000000,0x00000006c0591e10,0x00000006c7780000)
 Metaspace       used 20775K, capacity 21050K, committed 21248K, reserved 1069056K
  class space    used 2449K, capacity 2541K, committed 2560K, reserved 1048576K
}
Event: 12.543 GC heap before
{Heap before GC invocations=3 (full 1):
 PSYoungGen      total 76288K, used 59797K [0x000000076ab00000, 0x0000000770000000, 0x00000007c0000000)
  eden space 65536K, 91% used [0x000000076ab00000,0x000000076e565630,0x000000076eb00000)
  from space 10752K, 0% used [0x000000076eb00000,0x000000076eb00000,0x000000076f580000)
  to   space 10752K, 0% used [0x000000076f580000,0x000000076f580000,0x0000000770000000)
 ParOldGen       total 122368K, used 5703K [0x00000006c0000000, 0x00000006c7780000, 0x000000076ab00000)
  object space 122368K, 4% used [0x00000006c0000000,0x00000006c0591e10,0x00000006c7780000)
 Metaspace       used 25451K, capacity 25792K, committed 26240K, reserved 1073152K
  class space    used 3015K, capacity 3112K, committed 3200K, reserved 1048576K
Event: 12.579 GC heap after
Heap after GC invocations=3 (full 1):
 PSYoungGen      total 76288K, used 8207K [0x000000076ab00000, 0x0000000771180000, 0x00000007c0000000)
  eden space 65536K, 0% used [0x000000076ab00000,0x000000076ab00000,0x000000076eb00000)
  from space 10752K, 76% used [0x000000076f580000,0x000000076fd83fe8,0x0000000770000000)
  to   space 10752K, 0% used [0x000000076eb00000,0x000000076eb00000,0x000000076f580000)
 ParOldGen       total 122368K, used 84946K [0x00000006c0000000, 0x00000006c7780000, 0x000000076ab00000)
  object space 122368K, 69% used [0x00000006c0000000,0x00000006c52f4ad0,0x00000006c7780000)
 Metaspace       used 25451K, capacity 25792K, committed 26240K, reserved 1073152K
  class space    used 3015K, capacity 3112K, committed 3200K, reserved 1048576K
}
Event: 12.579 GC heap before
{Heap before GC invocations=4 (full 2):
 PSYoungGen      total 76288K, used 8207K [0x000000076ab00000, 0x0000000771180000, 0x00000007c0000000)
  eden space 65536K, 0% used [0x000000076ab00000,0x000000076ab00000,0x000000076eb00000)
  from space 10752K, 76% used [0x000000076f580000,0x000000076fd83fe8,0x0000000770000000)
  to   space 10752K, 0% used [0x000000076eb00000,0x000000076eb00000,0x000000076f580000)
 ParOldGen       total 122368K, used 84946K [0x00000006c0000000, 0x00000006c7780000, 0x000000076ab00000)
  object space 122368K, 69% used [0x00000006c0000000,0x00000006c52f4ad0,0x00000006c7780000)
 Metaspace       used 25451K, capacity 25792K, committed 26240K, reserved 1073152K
  class space    used 3015K, capacity 3112K, committed 3200K, reserved 1048576K
Event: 12.599 GC heap after
Heap after GC invocations=4 (full 2):
 PSYoungGen      total 76288K, used 0K [0x000000076ab00000, 0x0000000771180000, 0x00000007c0000000)
  eden space 65536K, 0% used [0x000000076ab00000,0x000000076ab00000,0x000000076eb00000)
  from space 10752K, 0% used [0x000000076f580000,0x000000076f580000,0x0000000770000000)
  to   space 10752K, 0% used [0x000000076eb00000,0x000000076eb00000,0x000000076f580000)
 ParOldGen       total 248832K, used 33570K [0x00000006c0000000, 0x00000006cf300000, 0x000000076ab00000)
  object space 248832K, 13% used [0x00000006c0000000,0x00000006c20c88c8,0x00000006cf300000)
 Metaspace       used 25451K, capacity 25792K, committed 26240K, reserved 1073152K
  class space    used 3015K, capacity 3112K, committed 3200K, reserved 1048576K
}
Event: 12.826 GC heap before
{Heap before GC invocations=5 (full 2):
 PSYoungGen      total 76288K, used 65536K [0x000000076ab00000, 0x0000000771180000, 0x00000007c0000000)
  eden space 65536K, 100% used [0x000000076ab00000,0x000000076eb00000,0x000000076eb00000)
  from space 10752K, 0% used [0x000000076f580000,0x000000076f580000,0x0000000770000000)
  to   space 10752K, 0% used [0x000000076eb00000,0x000000076eb00000,0x000000076f580000)
 ParOldGen       total 248832K, used 33570K [0x00000006c0000000, 0x00000006cf300000, 0x000000076ab00000)
  object space 248832K, 13% used [0x00000006c0000000,0x00000006c20c88c8,0x00000006cf300000)
 Metaspace       used 25713K, capacity 26092K, committed 26496K, reserved 1073152K
  class space    used 3030K, capacity 3130K, committed 3200K, reserved 1048576K
Event: 12.829 GC heap after
Heap after GC invocations=5 (full 2):
 PSYoungGen      total 76288K, used 5984K [0x000000076ab00000, 0x0000000772380000, 0x00000007c0000000)
  eden space 65536K, 0% used [0x000000076ab00000,0x000000076ab00000,0x000000076eb00000)
  from space 10752K, 55% used [0x000000076eb00000,0x000000076f0d83d8,0x000000076f580000)
  to   space 10752K, 0% used [0x0000000771900000,0x0000000771900000,0x0000000772380000)
 ParOldGen       total 248832K, used 47115K [0x00000006c0000000, 0x00000006cf300000, 0x000000076ab00000)
  object space 248832K, 18% used [0x00000006c0000000,0x00000006c2e02cb0,0x00000006cf300000)
 Metaspace       used 25713K, capacity 26092K, committed 26496K, reserved 1073152K
  class space    used 3030K, capacity 3130K, committed 3200K, reserved 1048576K
}
Event: 13.088 GC heap before
{Heap before GC invocations=6 (full 2):
 PSYoungGen      total 76288K, used 71520K [0x000000076ab00000, 0x0000000772380000, 0x00000007c0000000)
  eden space 65536K, 100% used [0x000000076ab00000,0x000000076eb00000,0x000000076eb00000)
  from space 10752K, 55% used [0x000000076eb00000,0x000000076f0d83d8,0x000000076f580000)
  to   space 10752K, 0% used [0x0000000771900000,0x0000000771900000,0x0000000772380000)
 ParOldGen       total 248832K, used 47115K [0x00000006c0000000, 0x00000006cf300000, 0x000000076ab00000)
  object space 248832K, 18% used [0x00000006c0000000,0x00000006c2e02cb0,0x00000006cf300000)
 Metaspace       used 25725K, capacity 26104K, committed 26496K, reserved 1073152K
  class space    used 3031K, capacity 3132K, committed 3200K, reserved 1048576K
Event: 13.094 GC heap after
Heap after GC invocations=6 (full 2):
 PSYoungGen      total 112640K, used 6993K [0x000000076ab00000, 0x0000000772b80000, 0x00000007c0000000)
  eden space 101888K, 0% used [0x000000076ab00000,0x000000076ab00000,0x0000000770e80000)
  from space 10752K, 65% used [0x0000000771900000,0x0000000771fd4408,0x0000000772380000)
  to   space 10752K, 0% used [0x0000000770e80000,0x0000000770e80000,0x0000000771900000)
 ParOldGen       total 248832K, used 52468K [0x00000006c0000000, 0x00000006cf300000, 0x000000076ab00000)
  object space 248832K, 21% used [0x00000006c0000000,0x00000006c333d088,0x00000006cf300000)
 Metaspace       used 25725K, capacity 26104K, committed 26496K, reserved 1073152K
  class space    used 3031K, capacity 3132K, committed 3200K, reserved 1048576K
}

