# JRE version: Java(TM) SE Runtime Environment (8.0_201-b09) (build 1.8.0_201-b09)
# Java VM: Java HotSpot(TM) 64-Bit Server VM (25.201-b09 mixed mode bsd-amd64 compressed oops)
Heap:
 PSYoungGen      total 76288K, used 49934K [0x000000076ab00000, 0x0000000770000000, 0x00000007c0000000)
  eden space 65536K, 74% used [0x000000076ab00000,0x000000076da839f8,0x000000076eb00000)
  from space 10752K, 11% used [0x000000076eb00000,0x000000076ec40000,0x000000076f580000)
  to   space 10752K, 0% used [0x000000076f580000,0x000000076f580000,0x0000000770000000)
 ParOldGen       total 192512K, used 27696K [0x00000006c0000000, 0x00000006cbc00000, 0x000000076ab00000)
  object space 192512K, 14% used [0x00000006c0000000,0x00000006c1b0c2f8,0x00000006cbc00000)
 Metaspace       used 26994K, capacity 27420K, committed 27568K, reserved 1073152K
  class space    used 3109K, capacity 3232K, committed 3248K, reserved 1048576K
GC Heap History (10 events):
Event: 2.207 GC heap before
{Heap before GC invocations=1 (full 0):
 PSYoungGen      total 76288K, used 29231K [0x000000076ab00000, 0x0000000770000000, 0x00000007c0000000)
  eden space 65536K, 44% used [0x000000076ab00000,0x000000076c78bd10,0x000000076eb00000)
  from space 10752K, 0% used [0x000000076f580000,0x000000076f580000,0x0000000770000000)
  to   space 10752K, 0% used [0x000000076eb00000,0x000000076eb00000,0x000000076f580000)
 ParOldGen       total 175104K, used 0K [0x00000006c0000000, 0x00000006cab00000, 0x000000076ab00000)
  object space 175104K, 0% used [0x00000006c0000000,0x00000006c0000000,0x00000006cab00000)
 Metaspace       used 20842K, capacity 21090K, committed 21296K, reserved 1069056K
  class space    used 2478K, capacity 2573K, committed 2608K, reserved 1048576K
Event: 2.212 GC heap after
Heap after GC invocations=1 (full 0):
 PSYoungGen      total 76288K, used 5669K [0x000000076ab00000, 0x0000000770000000, 0x00000007c0000000)
  eden space 65536K, 0% used [0x000000076ab00000,0x000000076ab00000,0x000000076eb00000)
  from space 10752K, 52% used [0x000000076eb00000,0x000000076f089460,0x000000076f580000)
  to   space 10752K, 0% used [0x000000076f580000,0x000000076f580000,0x0000000770000000)
 ParOldGen       total 175104K, used 88K [0x00000006c0000000, 0x00000006cab00000, 0x000000076ab00000)
  object space 175104K, 0% used [0x00000006c0000000,0x00000006c0016010,0x00000006cab00000)
 Metaspace       used 20842K, capacity 21090K, committed 21296K, reserved 1069056K
  class space    used 2478K, capacity 2573K, committed 2608K, reserved 1048576K
}
Event: 2.212 GC heap before
{Heap before GC invocations=2 (full 1):
 PSYoungGen      total 76288K, used 5669K [0x000000076ab00000, 0x0000000770000000, 0x00000007c0000000)
  eden space 65536K, 0% used [0x000000076ab00000,0x000000076ab00000,0x000000076eb00000)
  from space 10752K, 52% used [0x000000076eb00000,0x000000076f089460,0x000000076f580000)
  to   space 10752K, 0% used [0x000000076f580000,0x000000076f580000,0x0000000770000000)
 ParOldGen       total 175104K, used 88K [0x00000006c0000000, 0x00000006cab00000, 0x000000076ab00000)
  object space 175104K, 0% used [0x00000006c0000000,0x00000006c0016010,0x00000006cab00000)
 Metaspace       used 20842K, capacity 21090K, committed 21296K, reserved 1069056K
  class space    used 2478K, capacity 2573K, committed 2608K, reserved 1048576K
Event: 2.228 GC heap after
Heap after GC invocations=2 (full 1):
 PSYoungGen      total 76288K, used 0K [0x000000076ab00000, 0x0000000770000000, 0x00000007c0000000)
  eden space 65536K, 0% used [0x000000076ab00000,0x000000076ab00000,0x000000076eb00000)
  from space 10752K, 0% used [0x000000076eb00000,0x000000076eb00000,0x000000076f580000)
  to   space 10752K, 0% used [0x000000076f580000,0x000000076f580000,0x0000000770000000)
 ParOldGen       total 71168K, used 5479K [0x00000006c0000000, 0x00000006c4580000, 0x000000076ab00000)
  object space 71168K, 7% used [0x00000006c0000000,0x00000006c0559ca8,0x00000006c4580000)
 Metaspace       used 20842K, capacity 21090K, committed 21296K, reserved 1069056K
  class space    used 2478K, capacity 2573K, committed 2608K, reserved 1048576K
}
Event: 17.200 GC heap before
{Heap before GC invocations=3 (full 1):
 PSYoungGen      total 76288K, used 65536K [0x000000076ab00000, 0x0000000770000000, 0x00000007c0000000)
  eden space 65536K, 100% used [0x000000076ab00000,0x000000076eb00000,0x000000076eb00000)
  from space 10752K, 0% used [0x000000076eb00000,0x000000076eb00000,0x000000076f580000)
  to   space 10752K, 0% used [0x000000076f580000,0x000000076f580000,0x0000000770000000)
 ParOldGen       total 71168K, used 5479K [0x00000006c0000000, 0x00000006c4580000, 0x000000076ab00000)
  object space 71168K, 7% used [0x00000006c0000000,0x00000006c0559ca8,0x00000006c4580000)
 Metaspace       used 24667K, capacity 24988K, committed 25264K, reserved 1071104K
  class space    used 2815K, capacity 2908K, committed 2992K, reserved 1048576K
Event: 17.257 GC heap after
Heap after GC invocations=3 (full 1):
 PSYoungGen      total 76288K, used 3785K [0x000000076ab00000, 0x0000000771300000, 0x00000007c0000000)
  eden space 65536K, 0% used [0x000000076ab00000,0x000000076ab00000,0x000000076eb00000)
  from space 10752K, 35% used [0x000000076f580000,0x000000076f9324a0,0x0000000770000000)
  to   space 10752K, 0% used [0x000000076eb00000,0x000000076eb00000,0x000000076f580000)
 ParOldGen       total 91136K, used 84722K [0x00000006c0000000, 0x00000006c5900000, 0x000000076ab00000)
  object space 91136K, 92% used [0x00000006c0000000,0x00000006c52bc968,0x00000006c5900000)
 Metaspace       used 24667K, capacity 24988K, committed 25264K, reserved 1071104K
  class space    used 2815K, capacity 2908K, committed 2992K, reserved 1048576K
}
Event: 17.257 GC heap before
{Heap before GC invocations=4 (full 2):
 PSYoungGen      total 76288K, used 3785K [0x000000076ab00000, 0x0000000771300000, 0x00000007c0000000)
  eden space 65536K, 0% used [0x000000076ab00000,0x000000076ab00000,0x000000076eb00000)
  from space 10752K, 35% used [0x000000076f580000,0x000000076f9324a0,0x0000000770000000)
  to   space 10752K, 0% used [0x000000076eb00000,0x000000076eb00000,0x000000076f580000)
 ParOldGen       total 91136K, used 84722K [0x00000006c0000000, 0x00000006c5900000, 0x000000076ab00000)
  object space 91136K, 92% used [0x00000006c0000000,0x00000006c52bc968,0x00000006c5900000)
 Metaspace       used 24667K, capacity 24988K, committed 25264K, reserved 1071104K
  class space    used 2815K, capacity 2908K, committed 2992K, reserved 1048576K
Event: 17.280 GC heap after
Heap after GC invocations=4 (full 2):
 PSYoungGen      total 76288K, used 0K [0x000000076ab00000, 0x0000000771300000, 0x00000007c0000000)
  eden space 65536K, 0% used [0x000000076ab00000,0x000000076ab00000,0x000000076eb00000)
  from space 10752K, 0% used [0x000000076f580000,0x000000076f580000,0x0000000770000000)
  to   space 10752K, 0% used [0x000000076eb00000,0x000000076eb00000,0x000000076f580000)
 ParOldGen       total 192512K, used 27688K [0x00000006c0000000, 0x00000006cbc00000, 0x000000076ab00000)
  object space 192512K, 14% used [0x00000006c0000000,0x00000006c1b0a2f8,0x00000006cbc00000)
 Metaspace       used 24667K, capacity 24988K, committed 25264K, reserved 1071104K
  class space    used 2815K, capacity 2908K, committed 2992K, reserved 1048576K
}
Event: 38.920 GC heap before
{Heap before GC invocations=5 (full 2):
 PSYoungGen      total 76288K, used 65536K [0x000000076ab00000, 0x0000000771300000, 0x00000007c0000000)
  eden space 65536K, 100% used [0x000000076ab00000,0x000000076eb00000,0x000000076eb00000)
  from space 10752K, 0% used [0x000000076f580000,0x000000076f580000,0x0000000770000000)
  to   space 10752K, 0% used [0x000000076eb00000,0x000000076eb00000,0x000000076f580000)
 ParOldGen       total 192512K, used 27688K [0x00000006c0000000, 0x00000006cbc00000, 0x000000076ab00000)
  object space 192512K, 14% used [0x00000006c0000000,0x00000006c1b0a2f8,0x00000006cbc00000)
 Metaspace       used 26314K, capacity 26654K, committed 27056K, reserved 1073152K
  class space    used 3037K, capacity 3127K, committed 3248K, reserved 1048576K
Event: 38.921 GC heap after
Heap after GC invocations=5 (full 2):
 PSYoungGen      total 76288K, used 1280K [0x000000076ab00000, 0x0000000770000000, 0x00000007c0000000)
  eden space 65536K, 0% used [0x000000076ab00000,0x000000076ab00000,0x000000076eb00000)
  from space 10752K, 11% used [0x000000076eb00000,0x000000076ec40000,0x000000076f580000)
  to   space 10752K, 0% used [0x000000076f580000,0x000000076f580000,0x0000000770000000)
 ParOldGen       total 192512K, used 27696K [0x00000006c0000000, 0x00000006cbc00000, 0x000000076ab00000)
  object space 192512K, 14% used [0x00000006c0000000,0x00000006c1b0c2f8,0x00000006cbc00000)
 Metaspace       used 26314K, capacity 26654K, committed 27056K, reserved 1073152K
  class space    used 3037K, capacity 3127K, committed 3248K, reserved 1048576K
}

